@@ Using random seed: 1616074126
@@ Using parameters:
.. port: 3332
.. forward_port: 1112
.. delay: 50
.. jitter: 0
.. err_rate: 0
.. cut_rate: 0
.. loss_rate: 10
.. seed: 1616074126
.. link_direction: Both ways
@@ Remote host is ::1 [50370]
[SEQ   1] Delayed packet by 50 ms
[SEQ   1] Sent packet (Forward).
[SEQ   1] Delayed packet by 50 ms
[SEQ   1] Sent packet (Reverse).
[SEQ   2] Delayed packet by 50 ms
[SEQ   3] Delayed packet by 50 ms
[SEQ   4] Delayed packet by 50 ms
[SEQ   5] Delayed packet by 50 ms
[SEQ   6] Delayed packet by 50 ms
[SEQ   7] Delayed packet by 50 ms
[SEQ   8] Delayed packet by 50 ms
[SEQ   2] Sent packet (Forward).
[SEQ   3] Sent packet (Forward).
[SEQ   4] Sent packet (Forward).
[SEQ   5] Sent packet (Forward).
[SEQ   6] Sent packet (Forward).
[SEQ   2] Delayed packet by 50 ms
[SEQ   7] Sent packet (Forward).
[SEQ   3] Delayed packet by 50 ms
[SEQ   8] Sent packet (Forward).
[SEQ   4] Delayed packet by 50 ms
[SEQ   5] Delayed packet by 50 ms
[SEQ   6] Delayed packet by 50 ms
[SEQ   7] Delayed packet by 50 ms
[SEQ   8] Delayed packet by 50 ms
[SEQ   2] Sent packet (Reverse).
[SEQ   3] Sent packet (Reverse).
[SEQ   4] Sent packet (Reverse).
[SEQ   9] Delayed packet by 50 ms
[SEQ   5] Sent packet (Reverse).
[SEQ   6] Sent packet (Reverse).
[SEQ  10] Delayed packet by 50 ms
[SEQ   7] Sent packet (Reverse).
[SEQ  11] Delayed packet by 50 ms
[SEQ   8] Sent packet (Reverse).
[SEQ  12] Dropping packet
[SEQ   9] Sent packet (Forward).
[SEQ  10] Sent packet (Forward).
[SEQ  11] Sent packet (Forward).
[SEQ   9] Delayed packet by 50 ms
[SEQ  10] Delayed packet by 50 ms
[SEQ  11] Delayed packet by 50 ms
[SEQ   9] Sent packet (Reverse).
[SEQ  10] Sent packet (Reverse).
[SEQ  11] Sent packet (Reverse).
