[91m[ERROR] Sender has following arguments: filename is (null), stats_filename is (null), receiver_ip is ::1, receiver_port is 3332[0m
[91m[ERROR] This is not an error, now let's code![0m

actual seqnum : 0
RESPONSE OF RECEIVER
ack seqnum : 1
receiver_window : 31
max : 31 , space : 0
max : 31 , space : 0
i'm actually here
actual seqnum : 1

actual seqnum : 2

actual seqnum : 3
RESPONSE OF RECEIVER
max : 31 , space : 2
max : 31 , space : 2
i'm actually here
actual seqnum : 4

actual seqnum : 5
RESPONSE OF RECEIVER
max : 31 , space : 3
max : 31 , space : 3
i'm actually here
actual seqnum : 6
RESPONSE OF RECEIVER
max : 31 , space : 3
max : 31 , space : 3
i'm actually here
actual seqnum : 7
RESPONSE OF RECEIVER
max : 31 , space : 3
max : 31 , space : 3
i'm actually here
actual seqnum : 8
RESPONSE OF RECEIVER
max : 31 , space : 3
max : 31 , space : 3
i'm actually here
actual seqnum : 9
RESPONSE OF RECEIVER
max : 31 , space : 3
max : 31 , space : 3
i'm actually here
actual seqnum : 10

actual seqnum : 11
RESPONSE OF RECEIVER
max : 31 , space : 4
max : 31 , space : 4
i'm actually herein the feof
